[debug] [2023-10-18T11:35:11.022Z] ----------------------------------------------------------------------
[debug] [2023-10-18T11:35:11.024Z] Command:       C:\Program Files\nodejs\node.exe C:\Users\MANU BHARDWAJ\AppData\Roaming\npm\node_modules\firebase-tools\lib\bin\firebase.js deploy --only hosting --debug
[debug] [2023-10-18T11:35:11.024Z] CLI Version:   12.6.1
[debug] [2023-10-18T11:35:11.024Z] Platform:      win32
[debug] [2023-10-18T11:35:11.025Z] Node Version:  v16.16.0
[debug] [2023-10-18T11:35:11.026Z] Time:          Wed Oct 18 2023 17:05:11 GMT+0530 (India Standard Time)
[debug] [2023-10-18T11:35:11.026Z] ----------------------------------------------------------------------
[debug] 
[debug] [2023-10-18T11:35:11.032Z] >>> [apiv2][query] GET https://firebase-public.firebaseio.com/cli.json [none]
[debug] [2023-10-18T11:35:11.122Z] > command requires scopes: ["email","openid","https://www.googleapis.com/auth/cloudplatformprojects.readonly","https://www.googleapis.com/auth/firebase","https://www.googleapis.com/auth/cloud-platform"]
[debug] [2023-10-18T11:35:11.123Z] > authorizing via signed-in user (manubhardwaj631@gmail.com)
[debug] [2023-10-18T11:35:11.124Z] [iam] checking project netflix-clone-50e6d for permissions ["firebase.projects.get","firebasehosting.sites.update"]
[debug] [2023-10-18T11:35:11.125Z] > refreshing access token with scopes: []
[debug] [2023-10-18T11:35:11.127Z] >>> [apiv2][query] POST https://www.googleapis.com/oauth2/v3/token [none]
[debug] [2023-10-18T11:35:11.127Z] >>> [apiv2][body] POST https://www.googleapis.com/oauth2/v3/token [omitted]
[debug] [2023-10-18T11:35:11.397Z] <<< [apiv2][status] POST https://www.googleapis.com/oauth2/v3/token 200
[debug] [2023-10-18T11:35:11.399Z] <<< [apiv2][body] POST https://www.googleapis.com/oauth2/v3/token [omitted]
[debug] [2023-10-18T11:35:11.412Z] >>> [apiv2][query] POST https://cloudresourcemanager.googleapis.com/v1/projects/netflix-clone-50e6d:testIamPermissions [none]
[debug] [2023-10-18T11:35:11.413Z] >>> [apiv2][(partial)header] POST https://cloudresourcemanager.googleapis.com/v1/projects/netflix-clone-50e6d:testIamPermissions x-goog-quota-user=projects/netflix-clone-50e6d
[debug] [2023-10-18T11:35:11.414Z] >>> [apiv2][body] POST https://cloudresourcemanager.googleapis.com/v1/projects/netflix-clone-50e6d:testIamPermissions {"permissions":["firebase.projects.get","firebasehosting.sites.update"]}
[debug] [2023-10-18T11:35:11.803Z] <<< [apiv2][status] GET https://firebase-public.firebaseio.com/cli.json 200
[debug] [2023-10-18T11:35:11.804Z] <<< [apiv2][body] GET https://firebase-public.firebaseio.com/cli.json {"cloudBuildErrorAfter":1594252800000,"cloudBuildWarnAfter":1590019200000,"defaultNode10After":1594252800000,"minVersion":"3.0.5","node8DeploysDisabledAfter":1613390400000,"node8RuntimeDisabledAfter":1615809600000,"node8WarnAfter":1600128000000}
[debug] [2023-10-18T11:35:13.059Z] <<< [apiv2][status] POST https://cloudresourcemanager.googleapis.com/v1/projects/netflix-clone-50e6d:testIamPermissions 200
[debug] [2023-10-18T11:35:13.060Z] <<< [apiv2][body] POST https://cloudresourcemanager.googleapis.com/v1/projects/netflix-clone-50e6d:testIamPermissions {"permissions":["firebase.projects.get","firebasehosting.sites.update"]}
[debug] [2023-10-18T11:35:13.061Z] >>> [apiv2][query] GET https://firebase.googleapis.com/v1beta1/projects/netflix-clone-50e6d [none]
[debug] [2023-10-18T11:35:13.497Z] <<< [apiv2][status] GET https://firebase.googleapis.com/v1beta1/projects/netflix-clone-50e6d 200
[debug] [2023-10-18T11:35:13.497Z] <<< [apiv2][body] GET https://firebase.googleapis.com/v1beta1/projects/netflix-clone-50e6d {"projectId":"netflix-clone-50e6d","projectNumber":"933175273590","displayName":"Netflix-Clone","name":"projects/netflix-clone-50e6d","resources":{"hostingSite":"netflix-clone-50e6d"},"state":"ACTIVE","etag":"1_f899ff9c-fba3-4577-9c6e-5decaade42f1"}
[info] 
[info] === Deploying to 'netflix-clone-50e6d'...
[info] 
[info] i  deploying hosting 
[debug] [2023-10-18T11:35:13.504Z] >>> [apiv2][query] POST https://firebasehosting.googleapis.com/v1beta1/projects/-/sites/netflix-clone-50e6d/versions [none]
[debug] [2023-10-18T11:35:13.504Z] >>> [apiv2][body] POST https://firebasehosting.googleapis.com/v1beta1/projects/-/sites/netflix-clone-50e6d/versions {"status":"CREATED","labels":{"deployment-tool":"cli-firebase"}}
[debug] [2023-10-18T11:35:14.546Z] <<< [apiv2][status] POST https://firebasehosting.googleapis.com/v1beta1/projects/-/sites/netflix-clone-50e6d/versions 200
[debug] [2023-10-18T11:35:14.547Z] <<< [apiv2][body] POST https://firebasehosting.googleapis.com/v1beta1/projects/-/sites/netflix-clone-50e6d/versions {"name":"projects/933175273590/sites/netflix-clone-50e6d/versions/bf4d280921565c5b","status":"CREATED","config":{},"labels":{"deployment-tool":"cli-firebase"}}
[info] i  hosting[netflix-clone-50e6d]: beginning deploy... 
[info] i  hosting[netflix-clone-50e6d]: found 15 files in build 
[debug] [2023-10-18T11:35:14.560Z] [hosting] uploading with 200 concurrency
[debug] [2023-10-18T11:35:14.566Z] [hosting] hash cache [YnVpbGQ] stored for 15 files
[debug] [2023-10-18T11:35:14.567Z] [hosting][hash queue][FINAL] {"max":3,"min":1,"avg":1,"active":0,"complete":15,"success":15,"errored":0,"retried":0,"total":15,"elapsed":5}
[debug] [2023-10-18T11:35:14.568Z] >>> [apiv2][query] POST https://firebasehosting.googleapis.com/v1beta1/projects/933175273590/sites/netflix-clone-50e6d/versions/bf4d280921565c5b:populateFiles [none]
[debug] [2023-10-18T11:35:14.568Z] >>> [apiv2][body] POST https://firebasehosting.googleapis.com/v1beta1/projects/933175273590/sites/netflix-clone-50e6d/versions/bf4d280921565c5b:populateFiles {"files":{"/asset-manifest.json":"3f65b5a3156eeca99fa07c35d474a5c752e449a31a909062b7f2c091c875c7d7","/favicon.ico":"87aecafb41d21ea93b7af81398237b980c43ee880676c78630ee2d1e9a6d711f","/google1b193c4d510c15f7.html":"d9733b66dd1bf01ad71df911a3f5202fe937b0517c6b42575f56414bd3aac8fc","/index.html":"46439699881c78fa234ea1262c9b923eea3e8a1f85b6f7057b7b0b94128da46f","/logo192.png":"ebf380e341383bbf65d6a762603f630a9f7610c97f32bd297bc097635bc37ee3","/logo512.png":"c55d034d9cf7abfac7600919cbf4f4ce2f3ea3478df91d01177e8ff136f58918","/manifest.json":"aff3449bdc238776f5d6d967f19ec491b36aed5fb7f23ccff6500736fd58494a","/robots.txt":"5fcd5c559ded0c02b3ed7840ca3ee77e95b798730af98d9f18bc627ac898071e","/static/css/main.c0d686a7.css":"366a42a529bda373ffa62202cd06c05556f60b1eb38276ae5b37aae1b0e8ab6f","/static/css/main.c0d686a7.css.map":"70df8ac62c414e3b4985de4a5ff03cd3fdfacc76e44590bd291a62be3d0f03e3","/static/js/787.440c4889.chunk.js":"c268d14940cb9f406aea523487d219d2e3d907a5fbcc16b5f6c0836de61d2b24","/static/js/787.440c4889.chunk.js.map":"af532cbbc50e979f8f367de51f2d4f591b3519fe3f005271cad102e22634a6d3","/static/js/main.380cb99d.js":"91346334f615e3345d5621dcf75de8ae9eba2306220c731367673e32ad010f3c","/static/js/main.380cb99d.js.LICENSE.txt":"9a5693f3ad64623aa991f3065546bde8af6bb49b81adcb6287518c506d7f1203","/static/js/main.380cb99d.js.map":"ebcd839a3fb9fe2b66359760e9dc831d577b7e31c49890af4dac90f6ecf87a89"}}
[debug] [2023-10-18T11:35:15.742Z] <<< [apiv2][status] POST https://firebasehosting.googleapis.com/v1beta1/projects/933175273590/sites/netflix-clone-50e6d/versions/bf4d280921565c5b:populateFiles 200
[debug] [2023-10-18T11:35:15.742Z] <<< [apiv2][body] POST https://firebasehosting.googleapis.com/v1beta1/projects/933175273590/sites/netflix-clone-50e6d/versions/bf4d280921565c5b:populateFiles {"uploadUrl":"https://upload-firebasehosting.googleapis.com/upload/sites/netflix-clone-50e6d/versions/bf4d280921565c5b/files"}
[debug] [2023-10-18T11:35:15.743Z] [hosting][populate queue][FINAL] {"max":1178,"min":1178,"avg":1178,"active":0,"complete":1,"success":1,"errored":0,"retried":0,"total":1,"elapsed":1178}
[debug] [2023-10-18T11:35:15.744Z] [hosting] uploads queued: 0
[debug] [2023-10-18T11:35:15.744Z] [hosting][upload queue][FINAL] {"max":0,"min":9999999999,"avg":0,"active":0,"complete":0,"success":0,"errored":0,"retried":0,"total":0,"elapsed":1697628915744}
[info] i  hosting: upload complete 
[info] +  hosting[netflix-clone-50e6d]: file upload complete 
[debug] [2023-10-18T11:35:15.745Z] [hosting] deploy completed after 1196ms
[debug] [2023-10-18T11:35:15.746Z] [
  {
    "config": {
      "public": "build",
      "ignore": [
        "firebase.json",
        "**/.*",
        "**/node_modules/**"
      ],
      "rewrites": [
        {
          "source": "**",
          "destination": "/index.html"
        }
      ],
      "site": "netflix-clone-50e6d"
    },
    "version": "projects/933175273590/sites/netflix-clone-50e6d/versions/bf4d280921565c5b"
  }
]
[info] i  hosting[netflix-clone-50e6d]: finalizing version... 
[debug] [2023-10-18T11:35:15.750Z] >>> [apiv2][query] PATCH https://firebasehosting.googleapis.com/v1beta1/projects/-/sites/netflix-clone-50e6d/versions/bf4d280921565c5b updateMask=status%2Cconfig
[debug] [2023-10-18T11:35:15.750Z] >>> [apiv2][body] PATCH https://firebasehosting.googleapis.com/v1beta1/projects/-/sites/netflix-clone-50e6d/versions/bf4d280921565c5b {"status":"FINALIZED","config":{"rewrites":[{"glob":"**","path":"/index.html"}]}}
[debug] [2023-10-18T11:35:16.911Z] <<< [apiv2][status] PATCH https://firebasehosting.googleapis.com/v1beta1/projects/-/sites/netflix-clone-50e6d/versions/bf4d280921565c5b 200
[debug] [2023-10-18T11:35:16.912Z] <<< [apiv2][body] PATCH https://firebasehosting.googleapis.com/v1beta1/projects/-/sites/netflix-clone-50e6d/versions/bf4d280921565c5b {"name":"projects/933175273590/sites/netflix-clone-50e6d/versions/bf4d280921565c5b","status":"FINALIZED","config":{"rewrites":[{"glob":"**","path":"/index.html"}]},"labels":{"deployment-tool":"cli-firebase"},"createTime":"2023-10-18T11:35:13.650044Z","createUser":{"email":"manubhardwaj631@gmail.com"},"finalizeTime":"2023-10-18T11:35:16.298516Z","finalizeUser":{"email":"manubhardwaj631@gmail.com"}}
[debug] [2023-10-18T11:35:16.912Z] [hosting] finalized version for netflix-clone-50e6d:[object Object]
[info] +  hosting[netflix-clone-50e6d]: version finalized 
[info] i  hosting[netflix-clone-50e6d]: releasing new version... 
[debug] [2023-10-18T11:35:16.914Z] >>> [apiv2][query] POST https://firebasehosting.googleapis.com/v1beta1/projects/-/sites/netflix-clone-50e6d/channels/live/releases versionName=projects%2F933175273590%2Fsites%2Fnetflix-clone-50e6d%2Fversions%2Fbf4d280921565c5b
[debug] [2023-10-18T11:35:16.915Z] >>> [apiv2][body] POST https://firebasehosting.googleapis.com/v1beta1/projects/-/sites/netflix-clone-50e6d/channels/live/releases {}
[debug] [2023-10-18T11:35:18.102Z] <<< [apiv2][status] POST https://firebasehosting.googleapis.com/v1beta1/projects/-/sites/netflix-clone-50e6d/channels/live/releases 200
[debug] [2023-10-18T11:35:18.104Z] <<< [apiv2][body] POST https://firebasehosting.googleapis.com/v1beta1/projects/-/sites/netflix-clone-50e6d/channels/live/releases {"name":"projects/933175273590/sites/netflix-clone-50e6d/channels/live/releases/1697628916909000","version":{"name":"projects/933175273590/sites/netflix-clone-50e6d/versions/bf4d280921565c5b","status":"FINALIZED","config":{"rewrites":[{"glob":"**","path":"/index.html"}]},"labels":{"deployment-tool":"cli-firebase"},"createTime":"2023-10-18T11:35:13.650044Z","createUser":{"email":"manubhardwaj631@gmail.com","imageUrl":"https://lh3.googleusercontent.com/a/ACg8ocI6IZnsGejGURq5UD6AuPFx6Z4n-d4YuTa_Xu4072DR=mo"},"finalizeTime":"2023-10-18T11:35:16.298516Z","finalizeUser":{"email":"manubhardwaj631@gmail.com","imageUrl":"https://lh3.googleusercontent.com/a/ACg8ocI6IZnsGejGURq5UD6AuPFx6Z4n-d4YuTa_Xu4072DR=mo"}},"type":"DEPLOY","releaseTime":"2023-10-18T11:35:16.909Z","releaseUser":{"email":"manubhardwaj631@gmail.com","imageUrl":"https://lh3.googleusercontent.com/a/ACg8ocI6IZnsGejGURq5UD6AuPFx6Z4n-d4YuTa_Xu4072DR=mo"}}
[debug] [2023-10-18T11:35:18.107Z] [hosting] release: {"name":"projects/933175273590/sites/netflix-clone-50e6d/channels/live/releases/1697628916909000","version":{"name":"projects/933175273590/sites/netflix-clone-50e6d/versions/bf4d280921565c5b","status":"FINALIZED","config":{"rewrites":[{"glob":"**","path":"/index.html"}]},"labels":{"deployment-tool":"cli-firebase"},"createTime":"2023-10-18T11:35:13.650044Z","createUser":{"email":"manubhardwaj631@gmail.com","imageUrl":"https://lh3.googleusercontent.com/a/ACg8ocI6IZnsGejGURq5UD6AuPFx6Z4n-d4YuTa_Xu4072DR=mo"},"finalizeTime":"2023-10-18T11:35:16.298516Z","finalizeUser":{"email":"manubhardwaj631@gmail.com","imageUrl":"https://lh3.googleusercontent.com/a/ACg8ocI6IZnsGejGURq5UD6AuPFx6Z4n-d4YuTa_Xu4072DR=mo"}},"type":"DEPLOY","releaseTime":"2023-10-18T11:35:16.909Z","releaseUser":{"email":"manubhardwaj631@gmail.com","imageUrl":"https://lh3.googleusercontent.com/a/ACg8ocI6IZnsGejGURq5UD6AuPFx6Z4n-d4YuTa_Xu4072DR=mo"}}
[info] +  hosting[netflix-clone-50e6d]: release complete 
[info] 
[info] +  Deploy complete! 
[info] 
[info] Project Console: https://console.firebase.google.com/project/netflix-clone-50e6d/overview
[info] Hosting URL: https://netflix-clone-50e6d.web.app
[debug] [2023-10-19T09:42:17.884Z] ----------------------------------------------------------------------
[debug] [2023-10-19T09:42:17.886Z] Command:       C:\Program Files\nodejs\node.exe C:\Users\MANU BHARDWAJ\AppData\Roaming\npm\node_modules\firebase-tools\lib\bin\firebase.js deploy --only hosting --debug
[debug] [2023-10-19T09:42:17.887Z] CLI Version:   12.6.1
[debug] [2023-10-19T09:42:17.887Z] Platform:      win32
[debug] [2023-10-19T09:42:17.887Z] Node Version:  v16.16.0
[debug] [2023-10-19T09:42:17.888Z] Time:          Thu Oct 19 2023 15:12:17 GMT+0530 (India Standard Time)
[debug] [2023-10-19T09:42:17.888Z] ----------------------------------------------------------------------
[debug] 
[debug] [2023-10-19T09:42:17.976Z] > command requires scopes: ["email","openid","https://www.googleapis.com/auth/cloudplatformprojects.readonly","https://www.googleapis.com/auth/firebase","https://www.googleapis.com/auth/cloud-platform"]
[debug] [2023-10-19T09:42:17.978Z] > authorizing via signed-in user (manubhardwaj631@gmail.com)
[debug] [2023-10-19T09:42:17.979Z] [iam] checking project netflix-clone-50e6d for permissions ["firebase.projects.get","firebasehosting.sites.update"]
[debug] [2023-10-19T09:42:17.981Z] > refreshing access token with scopes: []
[debug] [2023-10-19T09:42:17.984Z] >>> [apiv2][query] POST https://www.googleapis.com/oauth2/v3/token [none]
[debug] [2023-10-19T09:42:17.985Z] >>> [apiv2][body] POST https://www.googleapis.com/oauth2/v3/token [omitted]
[debug] [2023-10-19T09:42:18.301Z] <<< [apiv2][status] POST https://www.googleapis.com/oauth2/v3/token 200
[debug] [2023-10-19T09:42:18.302Z] <<< [apiv2][body] POST https://www.googleapis.com/oauth2/v3/token [omitted]
[debug] [2023-10-19T09:42:18.315Z] >>> [apiv2][query] POST https://cloudresourcemanager.googleapis.com/v1/projects/netflix-clone-50e6d:testIamPermissions [none]
[debug] [2023-10-19T09:42:18.316Z] >>> [apiv2][(partial)header] POST https://cloudresourcemanager.googleapis.com/v1/projects/netflix-clone-50e6d:testIamPermissions x-goog-quota-user=projects/netflix-clone-50e6d
[debug] [2023-10-19T09:42:18.317Z] >>> [apiv2][body] POST https://cloudresourcemanager.googleapis.com/v1/projects/netflix-clone-50e6d:testIamPermissions {"permissions":["firebase.projects.get","firebasehosting.sites.update"]}
[debug] [2023-10-19T09:42:20.006Z] <<< [apiv2][status] POST https://cloudresourcemanager.googleapis.com/v1/projects/netflix-clone-50e6d:testIamPermissions 200
[debug] [2023-10-19T09:42:20.008Z] <<< [apiv2][body] POST https://cloudresourcemanager.googleapis.com/v1/projects/netflix-clone-50e6d:testIamPermissions {"permissions":["firebase.projects.get","firebasehosting.sites.update"]}
[debug] [2023-10-19T09:42:20.010Z] >>> [apiv2][query] GET https://firebase.googleapis.com/v1beta1/projects/netflix-clone-50e6d [none]
[debug] [2023-10-19T09:42:20.518Z] <<< [apiv2][status] GET https://firebase.googleapis.com/v1beta1/projects/netflix-clone-50e6d 200
[debug] [2023-10-19T09:42:20.519Z] <<< [apiv2][body] GET https://firebase.googleapis.com/v1beta1/projects/netflix-clone-50e6d {"projectId":"netflix-clone-50e6d","projectNumber":"933175273590","displayName":"Netflix-Clone","name":"projects/netflix-clone-50e6d","resources":{"hostingSite":"netflix-clone-50e6d"},"state":"ACTIVE","etag":"1_399729b7-7854-4fdd-b11c-06db86e56a16"}
[info] 
[info] === Deploying to 'netflix-clone-50e6d'...
[info] 
[info] i  deploying hosting 
[debug] [2023-10-19T09:42:20.540Z] >>> [apiv2][query] POST https://firebasehosting.googleapis.com/v1beta1/projects/-/sites/netflix-clone-50e6d/versions [none]
[debug] [2023-10-19T09:42:20.545Z] >>> [apiv2][body] POST https://firebasehosting.googleapis.com/v1beta1/projects/-/sites/netflix-clone-50e6d/versions {"status":"CREATED","labels":{"deployment-tool":"cli-firebase"}}
[debug] [2023-10-19T09:42:22.154Z] <<< [apiv2][status] POST https://firebasehosting.googleapis.com/v1beta1/projects/-/sites/netflix-clone-50e6d/versions 200
[debug] [2023-10-19T09:42:22.156Z] <<< [apiv2][body] POST https://firebasehosting.googleapis.com/v1beta1/projects/-/sites/netflix-clone-50e6d/versions {"name":"projects/933175273590/sites/netflix-clone-50e6d/versions/efb43410b1090a90","status":"CREATED","config":{},"labels":{"deployment-tool":"cli-firebase"}}
[info] i  hosting[netflix-clone-50e6d]: beginning deploy... 
[info] i  hosting[netflix-clone-50e6d]: found 20 files in build 
[debug] [2023-10-19T09:42:22.205Z] [hosting] uploading with 200 concurrency
[info] i  hosting: hashing files [19/20] (95%) 
[debug] [2023-10-19T09:42:24.364Z] [hosting] hash cache [YnVpbGQ] stored for 20 files
[debug] [2023-10-19T09:42:24.365Z] [hosting][hash queue][FINAL] {"max":2129,"min":10,"avg":191.3,"active":0,"complete":20,"success":20,"errored":0,"retried":0,"total":20,"elapsed":2151}
[debug] [2023-10-19T09:42:24.367Z] >>> [apiv2][query] POST https://firebasehosting.googleapis.com/v1beta1/projects/933175273590/sites/netflix-clone-50e6d/versions/efb43410b1090a90:populateFiles [none]
[debug] [2023-10-19T09:42:24.368Z] >>> [apiv2][body] POST https://firebasehosting.googleapis.com/v1beta1/projects/933175273590/sites/netflix-clone-50e6d/versions/efb43410b1090a90:populateFiles {"files":{"/google1b193c4d510c15f7.html":"d9733b66dd1bf01ad71df911a3f5202fe937b0517c6b42575f56414bd3aac8fc","/manifest.json":"aff3449bdc238776f5d6d967f19ec491b36aed5fb7f23ccff6500736fd58494a","/robots.txt":"5fcd5c559ded0c02b3ed7840ca3ee77e95b798730af98d9f18bc627ac898071e","/apple-touch-icon.png":"bd3c82347d2e0d5b97158d9bcce464068594c139f28a1e70870e59acf25241ef","/asset-manifest.json":"9bde085c149d3e130cf290c59005398295765d3c67f261a660d8421f84d09699","/favicon-16x16.png":"7425bbf6788c28fad7e9eb76c57b3c4a82defce25fd19140ecde1193fe2d9b2c","/favicon-32x32.png":"3e4413cc554bbabbac2983c133b9962260d6782149c9c737ab9a75d216a3cd86","/index.html":"e63d2b0d62fdd9929e4634eabb8e2e82ae0403a670fd8db9ccc23acc58e6685b","/logo192.png":"fc0c054c17ab524d6c8957f3f1e5275812712f8370996718f29791e420d0f900","/favicon.ico":"4bbfd1c0ec1c69c884238282e85cdda0cb438e7e0a3e585f15c0c21d092ca1cc","/logo512.png":"6534e635f07a6fa9ebcfb45e534286e4f7b24d04babb4452a0951184786c00d3","/static/css/main.adf171ff.css":"ae5b69bbbdd5f3f78234748eea761084251b348bd3c3222887e4ed7defe48df5","/static/css/main.adf171ff.css.map":"c8cc277c50803aabd5fdaaa8cfd7cae96b58bd6e0d94c1d757e410f3f0563165","/static/js/787.440c4889.chunk.js":"c268d14940cb9f406aea523487d219d2e3d907a5fbcc16b5f6c0836de61d2b24","/static/js/787.440c4889.chunk.js.map":"af532cbbc50e979f8f367de51f2d4f591b3519fe3f005271cad102e22634a6d3","/static/js/main.73f30057.js.LICENSE.txt":"53a91543a5712f9066497dc04b35ed27bb5702f58470fe8cf227bfec40bca094","/static/js/main.73f30057.js":"6c51a4d13febcd653fddb18abff1bcf5ae24415b8baab7b54432c81944e04bd7","/static/media/LSbackground.965b6a316ea5bbe6e11e.png":"4027fdd8bf3fc1cf4a49df8266f5f112798c2975dd0dbe1164821b7c02373869","/images/LSbackground.png":"4027fdd8bf3fc1cf4a49df8266f5f112798c2975dd0dbe1164821b7c02373869","/static/js/main.73f30057.js.map":"fc2609c07a5abd5da2ac9b92145b8496f823d9d65cfc0fa78afe7212d2180111"}}
[debug] [2023-10-19T09:42:25.588Z] <<< [apiv2][status] POST https://firebasehosting.googleapis.com/v1beta1/projects/933175273590/sites/netflix-clone-50e6d/versions/efb43410b1090a90:populateFiles 200
[debug] [2023-10-19T09:42:25.590Z] <<< [apiv2][body] POST https://firebasehosting.googleapis.com/v1beta1/projects/933175273590/sites/netflix-clone-50e6d/versions/efb43410b1090a90:populateFiles {"uploadRequiredHashes":["4027fdd8bf3fc1cf4a49df8266f5f112798c2975dd0dbe1164821b7c02373869","6534e635f07a6fa9ebcfb45e534286e4f7b24d04babb4452a0951184786c00d3","c8cc277c50803aabd5fdaaa8cfd7cae96b58bd6e0d94c1d757e410f3f0563165","4bbfd1c0ec1c69c884238282e85cdda0cb438e7e0a3e585f15c0c21d092ca1cc","bd3c82347d2e0d5b97158d9bcce464068594c139f28a1e70870e59acf25241ef","3e4413cc554bbabbac2983c133b9962260d6782149c9c737ab9a75d216a3cd86","6c51a4d13febcd653fddb18abff1bcf5ae24415b8baab7b54432c81944e04bd7","53a91543a5712f9066497dc04b35ed27bb5702f58470fe8cf227bfec40bca094","ae5b69bbbdd5f3f78234748eea761084251b348bd3c3222887e4ed7defe48df5","e63d2b0d62fdd9929e4634eabb8e2e82ae0403a670fd8db9ccc23acc58e6685b","9bde085c149d3e130cf290c59005398295765d3c67f261a660d8421f84d09699","fc0c054c17ab524d6c8957f3f1e5275812712f8370996718f29791e420d0f900","fc2609c07a5abd5da2ac9b92145b8496f823d9d65cfc0fa78afe7212d2180111","7425bbf6788c28fad7e9eb76c57b3c4a82defce25fd19140ecde1193fe2d9b2c"],"uploadUrl":"https://upload-firebasehosting.googleapis.com/upload/sites/netflix-clone-50e6d/versions/efb43410b1090a90/files"}
[debug] [2023-10-19T09:42:25.600Z] >>> [apiv2][query] POST https://upload-firebasehosting.googleapis.com/upload/sites/netflix-clone-50e6d/versions/efb43410b1090a90/files/4027fdd8bf3fc1cf4a49df8266f5f112798c2975dd0dbe1164821b7c02373869 [none]
[debug] [2023-10-19T09:42:25.602Z] >>> [apiv2][body] POST https://upload-firebasehosting.googleapis.com/upload/sites/netflix-clone-50e6d/versions/efb43410b1090a90/files/4027fdd8bf3fc1cf4a49df8266f5f112798c2975dd0dbe1164821b7c02373869 [stream]
[debug] [2023-10-19T09:42:25.608Z] >>> [apiv2][query] POST https://upload-firebasehosting.googleapis.com/upload/sites/netflix-clone-50e6d/versions/efb43410b1090a90/files/6534e635f07a6fa9ebcfb45e534286e4f7b24d04babb4452a0951184786c00d3 [none]
[debug] [2023-10-19T09:42:25.609Z] >>> [apiv2][body] POST https://upload-firebasehosting.googleapis.com/upload/sites/netflix-clone-50e6d/versions/efb43410b1090a90/files/6534e635f07a6fa9ebcfb45e534286e4f7b24d04babb4452a0951184786c00d3 [stream]
[debug] [2023-10-19T09:42:25.612Z] >>> [apiv2][query] POST https://upload-firebasehosting.googleapis.com/upload/sites/netflix-clone-50e6d/versions/efb43410b1090a90/files/c8cc277c50803aabd5fdaaa8cfd7cae96b58bd6e0d94c1d757e410f3f0563165 [none]
[debug] [2023-10-19T09:42:25.613Z] >>> [apiv2][body] POST https://upload-firebasehosting.googleapis.com/upload/sites/netflix-clone-50e6d/versions/efb43410b1090a90/files/c8cc277c50803aabd5fdaaa8cfd7cae96b58bd6e0d94c1d757e410f3f0563165 [stream]
[debug] [2023-10-19T09:42:25.618Z] >>> [apiv2][query] POST https://upload-firebasehosting.googleapis.com/upload/sites/netflix-clone-50e6d/versions/efb43410b1090a90/files/4bbfd1c0ec1c69c884238282e85cdda0cb438e7e0a3e585f15c0c21d092ca1cc [none]
[debug] [2023-10-19T09:42:25.619Z] >>> [apiv2][body] POST https://upload-firebasehosting.googleapis.com/upload/sites/netflix-clone-50e6d/versions/efb43410b1090a90/files/4bbfd1c0ec1c69c884238282e85cdda0cb438e7e0a3e585f15c0c21d092ca1cc [stream]
[debug] [2023-10-19T09:42:25.622Z] >>> [apiv2][query] POST https://upload-firebasehosting.googleapis.com/upload/sites/netflix-clone-50e6d/versions/efb43410b1090a90/files/bd3c82347d2e0d5b97158d9bcce464068594c139f28a1e70870e59acf25241ef [none]
[debug] [2023-10-19T09:42:25.625Z] >>> [apiv2][body] POST https://upload-firebasehosting.googleapis.com/upload/sites/netflix-clone-50e6d/versions/efb43410b1090a90/files/bd3c82347d2e0d5b97158d9bcce464068594c139f28a1e70870e59acf25241ef [stream]
[debug] [2023-10-19T09:42:25.629Z] >>> [apiv2][query] POST https://upload-firebasehosting.googleapis.com/upload/sites/netflix-clone-50e6d/versions/efb43410b1090a90/files/3e4413cc554bbabbac2983c133b9962260d6782149c9c737ab9a75d216a3cd86 [none]
[debug] [2023-10-19T09:42:25.630Z] >>> [apiv2][body] POST https://upload-firebasehosting.googleapis.com/upload/sites/netflix-clone-50e6d/versions/efb43410b1090a90/files/3e4413cc554bbabbac2983c133b9962260d6782149c9c737ab9a75d216a3cd86 [stream]
[debug] [2023-10-19T09:42:25.636Z] >>> [apiv2][query] POST https://upload-firebasehosting.googleapis.com/upload/sites/netflix-clone-50e6d/versions/efb43410b1090a90/files/6c51a4d13febcd653fddb18abff1bcf5ae24415b8baab7b54432c81944e04bd7 [none]
[debug] [2023-10-19T09:42:25.638Z] >>> [apiv2][body] POST https://upload-firebasehosting.googleapis.com/upload/sites/netflix-clone-50e6d/versions/efb43410b1090a90/files/6c51a4d13febcd653fddb18abff1bcf5ae24415b8baab7b54432c81944e04bd7 [stream]
[debug] [2023-10-19T09:42:25.649Z] >>> [apiv2][query] POST https://upload-firebasehosting.googleapis.com/upload/sites/netflix-clone-50e6d/versions/efb43410b1090a90/files/53a91543a5712f9066497dc04b35ed27bb5702f58470fe8cf227bfec40bca094 [none]
[debug] [2023-10-19T09:42:25.652Z] >>> [apiv2][body] POST https://upload-firebasehosting.googleapis.com/upload/sites/netflix-clone-50e6d/versions/efb43410b1090a90/files/53a91543a5712f9066497dc04b35ed27bb5702f58470fe8cf227bfec40bca094 [stream]
[debug] [2023-10-19T09:42:25.662Z] >>> [apiv2][query] POST https://upload-firebasehosting.googleapis.com/upload/sites/netflix-clone-50e6d/versions/efb43410b1090a90/files/ae5b69bbbdd5f3f78234748eea761084251b348bd3c3222887e4ed7defe48df5 [none]
[debug] [2023-10-19T09:42:25.664Z] >>> [apiv2][body] POST https://upload-firebasehosting.googleapis.com/upload/sites/netflix-clone-50e6d/versions/efb43410b1090a90/files/ae5b69bbbdd5f3f78234748eea761084251b348bd3c3222887e4ed7defe48df5 [stream]
[debug] [2023-10-19T09:42:25.668Z] >>> [apiv2][query] POST https://upload-firebasehosting.googleapis.com/upload/sites/netflix-clone-50e6d/versions/efb43410b1090a90/files/e63d2b0d62fdd9929e4634eabb8e2e82ae0403a670fd8db9ccc23acc58e6685b [none]
[debug] [2023-10-19T09:42:25.674Z] >>> [apiv2][body] POST https://upload-firebasehosting.googleapis.com/upload/sites/netflix-clone-50e6d/versions/efb43410b1090a90/files/e63d2b0d62fdd9929e4634eabb8e2e82ae0403a670fd8db9ccc23acc58e6685b [stream]
[debug] [2023-10-19T09:42:25.681Z] >>> [apiv2][query] POST https://upload-firebasehosting.googleapis.com/upload/sites/netflix-clone-50e6d/versions/efb43410b1090a90/files/9bde085c149d3e130cf290c59005398295765d3c67f261a660d8421f84d09699 [none]
[debug] [2023-10-19T09:42:25.684Z] >>> [apiv2][body] POST https://upload-firebasehosting.googleapis.com/upload/sites/netflix-clone-50e6d/versions/efb43410b1090a90/files/9bde085c149d3e130cf290c59005398295765d3c67f261a660d8421f84d09699 [stream]
[debug] [2023-10-19T09:42:25.692Z] >>> [apiv2][query] POST https://upload-firebasehosting.googleapis.com/upload/sites/netflix-clone-50e6d/versions/efb43410b1090a90/files/fc0c054c17ab524d6c8957f3f1e5275812712f8370996718f29791e420d0f900 [none]
[debug] [2023-10-19T09:42:25.693Z] >>> [apiv2][body] POST https://upload-firebasehosting.googleapis.com/upload/sites/netflix-clone-50e6d/versions/efb43410b1090a90/files/fc0c054c17ab524d6c8957f3f1e5275812712f8370996718f29791e420d0f900 [stream]
[debug] [2023-10-19T09:42:25.698Z] >>> [apiv2][query] POST https://upload-firebasehosting.googleapis.com/upload/sites/netflix-clone-50e6d/versions/efb43410b1090a90/files/fc2609c07a5abd5da2ac9b92145b8496f823d9d65cfc0fa78afe7212d2180111 [none]
[debug] [2023-10-19T09:42:25.701Z] >>> [apiv2][body] POST https://upload-firebasehosting.googleapis.com/upload/sites/netflix-clone-50e6d/versions/efb43410b1090a90/files/fc2609c07a5abd5da2ac9b92145b8496f823d9d65cfc0fa78afe7212d2180111 [stream]
[debug] [2023-10-19T09:42:25.703Z] >>> [apiv2][query] POST https://upload-firebasehosting.googleapis.com/upload/sites/netflix-clone-50e6d/versions/efb43410b1090a90/files/7425bbf6788c28fad7e9eb76c57b3c4a82defce25fd19140ecde1193fe2d9b2c [none]
[debug] [2023-10-19T09:42:25.704Z] >>> [apiv2][body] POST https://upload-firebasehosting.googleapis.com/upload/sites/netflix-clone-50e6d/versions/efb43410b1090a90/files/7425bbf6788c28fad7e9eb76c57b3c4a82defce25fd19140ecde1193fe2d9b2c [stream]
[debug] [2023-10-19T09:42:25.721Z] [hosting][populate queue][FINAL] {"max":1239,"min":1239,"avg":1239,"active":0,"complete":1,"success":1,"errored":0,"retried":0,"total":1,"elapsed":1360}
[debug] [2023-10-19T09:42:25.726Z] [hosting] uploads queued: 14
[info] i  hosting: uploading new files [0/14] (0%) 
[debug] [2023-10-19T09:42:26.991Z] <<< [apiv2][status] POST https://upload-firebasehosting.googleapis.com/upload/sites/netflix-clone-50e6d/versions/efb43410b1090a90/files/53a91543a5712f9066497dc04b35ed27bb5702f58470fe8cf227bfec40bca094 200
[debug] [2023-10-19T09:42:26.993Z] <<< [apiv2][body] POST https://upload-firebasehosting.googleapis.com/upload/sites/netflix-clone-50e6d/versions/efb43410b1090a90/files/53a91543a5712f9066497dc04b35ed27bb5702f58470fe8cf227bfec40bca094 [stream]
[debug] [2023-10-19T09:42:27.034Z] <<< [apiv2][status] POST https://upload-firebasehosting.googleapis.com/upload/sites/netflix-clone-50e6d/versions/efb43410b1090a90/files/c8cc277c50803aabd5fdaaa8cfd7cae96b58bd6e0d94c1d757e410f3f0563165 200
[debug] [2023-10-19T09:42:27.036Z] <<< [apiv2][body] POST https://upload-firebasehosting.googleapis.com/upload/sites/netflix-clone-50e6d/versions/efb43410b1090a90/files/c8cc277c50803aabd5fdaaa8cfd7cae96b58bd6e0d94c1d757e410f3f0563165 [stream]
[debug] [2023-10-19T09:42:27.045Z] <<< [apiv2][status] POST https://upload-firebasehosting.googleapis.com/upload/sites/netflix-clone-50e6d/versions/efb43410b1090a90/files/ae5b69bbbdd5f3f78234748eea761084251b348bd3c3222887e4ed7defe48df5 200
[debug] [2023-10-19T09:42:27.047Z] <<< [apiv2][body] POST https://upload-firebasehosting.googleapis.com/upload/sites/netflix-clone-50e6d/versions/efb43410b1090a90/files/ae5b69bbbdd5f3f78234748eea761084251b348bd3c3222887e4ed7defe48df5 [stream]
[debug] [2023-10-19T09:42:27.096Z] <<< [apiv2][status] POST https://upload-firebasehosting.googleapis.com/upload/sites/netflix-clone-50e6d/versions/efb43410b1090a90/files/fc0c054c17ab524d6c8957f3f1e5275812712f8370996718f29791e420d0f900 200
[debug] [2023-10-19T09:42:27.097Z] <<< [apiv2][body] POST https://upload-firebasehosting.googleapis.com/upload/sites/netflix-clone-50e6d/versions/efb43410b1090a90/files/fc0c054c17ab524d6c8957f3f1e5275812712f8370996718f29791e420d0f900 [stream]
[debug] [2023-10-19T09:42:27.149Z] <<< [apiv2][status] POST https://upload-firebasehosting.googleapis.com/upload/sites/netflix-clone-50e6d/versions/efb43410b1090a90/files/6534e635f07a6fa9ebcfb45e534286e4f7b24d04babb4452a0951184786c00d3 200
[debug] [2023-10-19T09:42:27.151Z] <<< [apiv2][body] POST https://upload-firebasehosting.googleapis.com/upload/sites/netflix-clone-50e6d/versions/efb43410b1090a90/files/6534e635f07a6fa9ebcfb45e534286e4f7b24d04babb4452a0951184786c00d3 [stream]
[debug] [2023-10-19T09:42:27.154Z] <<< [apiv2][status] POST https://upload-firebasehosting.googleapis.com/upload/sites/netflix-clone-50e6d/versions/efb43410b1090a90/files/bd3c82347d2e0d5b97158d9bcce464068594c139f28a1e70870e59acf25241ef 200
[debug] [2023-10-19T09:42:27.155Z] <<< [apiv2][body] POST https://upload-firebasehosting.googleapis.com/upload/sites/netflix-clone-50e6d/versions/efb43410b1090a90/files/bd3c82347d2e0d5b97158d9bcce464068594c139f28a1e70870e59acf25241ef [stream]
[debug] [2023-10-19T09:42:27.168Z] <<< [apiv2][status] POST https://upload-firebasehosting.googleapis.com/upload/sites/netflix-clone-50e6d/versions/efb43410b1090a90/files/e63d2b0d62fdd9929e4634eabb8e2e82ae0403a670fd8db9ccc23acc58e6685b 200
[debug] [2023-10-19T09:42:27.169Z] <<< [apiv2][body] POST https://upload-firebasehosting.googleapis.com/upload/sites/netflix-clone-50e6d/versions/efb43410b1090a90/files/e63d2b0d62fdd9929e4634eabb8e2e82ae0403a670fd8db9ccc23acc58e6685b [stream]
[debug] [2023-10-19T09:42:27.206Z] <<< [apiv2][status] POST https://upload-firebasehosting.googleapis.com/upload/sites/netflix-clone-50e6d/versions/efb43410b1090a90/files/7425bbf6788c28fad7e9eb76c57b3c4a82defce25fd19140ecde1193fe2d9b2c 200
[debug] [2023-10-19T09:42:27.210Z] <<< [apiv2][body] POST https://upload-firebasehosting.googleapis.com/upload/sites/netflix-clone-50e6d/versions/efb43410b1090a90/files/7425bbf6788c28fad7e9eb76c57b3c4a82defce25fd19140ecde1193fe2d9b2c [stream]
[debug] [2023-10-19T09:42:27.230Z] <<< [apiv2][status] POST https://upload-firebasehosting.googleapis.com/upload/sites/netflix-clone-50e6d/versions/efb43410b1090a90/files/3e4413cc554bbabbac2983c133b9962260d6782149c9c737ab9a75d216a3cd86 200
[debug] [2023-10-19T09:42:27.231Z] <<< [apiv2][body] POST https://upload-firebasehosting.googleapis.com/upload/sites/netflix-clone-50e6d/versions/efb43410b1090a90/files/3e4413cc554bbabbac2983c133b9962260d6782149c9c737ab9a75d216a3cd86 [stream]
[debug] [2023-10-19T09:42:27.268Z] <<< [apiv2][status] POST https://upload-firebasehosting.googleapis.com/upload/sites/netflix-clone-50e6d/versions/efb43410b1090a90/files/4bbfd1c0ec1c69c884238282e85cdda0cb438e7e0a3e585f15c0c21d092ca1cc 200
[debug] [2023-10-19T09:42:27.270Z] <<< [apiv2][body] POST https://upload-firebasehosting.googleapis.com/upload/sites/netflix-clone-50e6d/versions/efb43410b1090a90/files/4bbfd1c0ec1c69c884238282e85cdda0cb438e7e0a3e585f15c0c21d092ca1cc [stream]
[debug] [2023-10-19T09:42:27.287Z] <<< [apiv2][status] POST https://upload-firebasehosting.googleapis.com/upload/sites/netflix-clone-50e6d/versions/efb43410b1090a90/files/9bde085c149d3e130cf290c59005398295765d3c67f261a660d8421f84d09699 200
[debug] [2023-10-19T09:42:27.289Z] <<< [apiv2][body] POST https://upload-firebasehosting.googleapis.com/upload/sites/netflix-clone-50e6d/versions/efb43410b1090a90/files/9bde085c149d3e130cf290c59005398295765d3c67f261a660d8421f84d09699 [stream]
[debug] [2023-10-19T09:42:27.365Z] <<< [apiv2][status] POST https://upload-firebasehosting.googleapis.com/upload/sites/netflix-clone-50e6d/versions/efb43410b1090a90/files/6c51a4d13febcd653fddb18abff1bcf5ae24415b8baab7b54432c81944e04bd7 200
[debug] [2023-10-19T09:42:27.367Z] <<< [apiv2][body] POST https://upload-firebasehosting.googleapis.com/upload/sites/netflix-clone-50e6d/versions/efb43410b1090a90/files/6c51a4d13febcd653fddb18abff1bcf5ae24415b8baab7b54432c81944e04bd7 [stream]
[debug] [2023-10-19T09:42:28.117Z] <<< [apiv2][status] POST https://upload-firebasehosting.googleapis.com/upload/sites/netflix-clone-50e6d/versions/efb43410b1090a90/files/4027fdd8bf3fc1cf4a49df8266f5f112798c2975dd0dbe1164821b7c02373869 200
[debug] [2023-10-19T09:42:28.118Z] <<< [apiv2][body] POST https://upload-firebasehosting.googleapis.com/upload/sites/netflix-clone-50e6d/versions/efb43410b1090a90/files/4027fdd8bf3fc1cf4a49df8266f5f112798c2975dd0dbe1164821b7c02373869 [stream]
[info] i  hosting: uploading new files [13/14] (92%) 
[debug] [2023-10-19T09:42:28.978Z] <<< [apiv2][status] POST https://upload-firebasehosting.googleapis.com/upload/sites/netflix-clone-50e6d/versions/efb43410b1090a90/files/fc2609c07a5abd5da2ac9b92145b8496f823d9d65cfc0fa78afe7212d2180111 200
[debug] [2023-10-19T09:42:28.980Z] <<< [apiv2][body] POST https://upload-firebasehosting.googleapis.com/upload/sites/netflix-clone-50e6d/versions/efb43410b1090a90/files/fc2609c07a5abd5da2ac9b92145b8496f823d9d65cfc0fa78afe7212d2180111 [stream]
[debug] [2023-10-19T09:42:28.981Z] [hosting][upload queue][FINAL] {"max":3382,"min":1397,"avg":1769.2857142857142,"active":0,"complete":14,"success":14,"errored":0,"retried":0,"total":14,"elapsed":3387}
[info] i  hosting: upload complete 
[info] +  hosting[netflix-clone-50e6d]: file upload complete 
[debug] [2023-10-19T09:42:28.985Z] [hosting] deploy completed after 6823ms
[debug] [2023-10-19T09:42:28.986Z] [
  {
    "config": {
      "public": "build",
      "ignore": [
        "firebase.json",
        "**/.*",
        "**/node_modules/**"
      ],
      "rewrites": [
        {
          "source": "**",
          "destination": "/index.html"
        }
      ],
      "site": "netflix-clone-50e6d"
    },
    "version": "projects/933175273590/sites/netflix-clone-50e6d/versions/efb43410b1090a90"
  }
]
[info] i  hosting[netflix-clone-50e6d]: finalizing version... 
[debug] [2023-10-19T09:42:29.002Z] >>> [apiv2][query] PATCH https://firebasehosting.googleapis.com/v1beta1/projects/-/sites/netflix-clone-50e6d/versions/efb43410b1090a90 updateMask=status%2Cconfig
[debug] [2023-10-19T09:42:29.003Z] >>> [apiv2][body] PATCH https://firebasehosting.googleapis.com/v1beta1/projects/-/sites/netflix-clone-50e6d/versions/efb43410b1090a90 {"status":"FINALIZED","config":{"rewrites":[{"glob":"**","path":"/index.html"}]}}
[debug] [2023-10-19T09:42:30.856Z] <<< [apiv2][status] PATCH https://firebasehosting.googleapis.com/v1beta1/projects/-/sites/netflix-clone-50e6d/versions/efb43410b1090a90 200
[debug] [2023-10-19T09:42:30.857Z] <<< [apiv2][body] PATCH https://firebasehosting.googleapis.com/v1beta1/projects/-/sites/netflix-clone-50e6d/versions/efb43410b1090a90 {"name":"projects/933175273590/sites/netflix-clone-50e6d/versions/efb43410b1090a90","status":"FINALIZED","config":{"rewrites":[{"glob":"**","path":"/index.html"}]},"labels":{"deployment-tool":"cli-firebase"},"createTime":"2023-10-19T09:42:20.827580Z","createUser":{"email":"manubhardwaj631@gmail.com"},"finalizeTime":"2023-10-19T09:42:29.794192Z","finalizeUser":{"email":"manubhardwaj631@gmail.com"}}
[debug] [2023-10-19T09:42:30.860Z] [hosting] finalized version for netflix-clone-50e6d:[object Object]
[info] +  hosting[netflix-clone-50e6d]: version finalized 
[info] i  hosting[netflix-clone-50e6d]: releasing new version... 
[debug] [2023-10-19T09:42:30.863Z] >>> [apiv2][query] POST https://firebasehosting.googleapis.com/v1beta1/projects/-/sites/netflix-clone-50e6d/channels/live/releases versionName=projects%2F933175273590%2Fsites%2Fnetflix-clone-50e6d%2Fversions%2Fefb43410b1090a90
[debug] [2023-10-19T09:42:30.864Z] >>> [apiv2][body] POST https://firebasehosting.googleapis.com/v1beta1/projects/-/sites/netflix-clone-50e6d/channels/live/releases {}
[debug] [2023-10-19T09:42:32.018Z] <<< [apiv2][status] POST https://firebasehosting.googleapis.com/v1beta1/projects/-/sites/netflix-clone-50e6d/channels/live/releases 200
[debug] [2023-10-19T09:42:32.019Z] <<< [apiv2][body] POST https://firebasehosting.googleapis.com/v1beta1/projects/-/sites/netflix-clone-50e6d/channels/live/releases {"name":"projects/933175273590/sites/netflix-clone-50e6d/channels/live/releases/1697708550498000","version":{"name":"projects/933175273590/sites/netflix-clone-50e6d/versions/efb43410b1090a90","status":"FINALIZED","config":{"rewrites":[{"glob":"**","path":"/index.html"}]},"labels":{"deployment-tool":"cli-firebase"},"createTime":"2023-10-19T09:42:20.827580Z","createUser":{"email":"manubhardwaj631@gmail.com","imageUrl":"https://lh3.googleusercontent.com/a/ACg8ocI6IZnsGejGURq5UD6AuPFx6Z4n-d4YuTa_Xu4072DR=mo"},"finalizeTime":"2023-10-19T09:42:29.794192Z","finalizeUser":{"email":"manubhardwaj631@gmail.com","imageUrl":"https://lh3.googleusercontent.com/a/ACg8ocI6IZnsGejGURq5UD6AuPFx6Z4n-d4YuTa_Xu4072DR=mo"}},"type":"DEPLOY","releaseTime":"2023-10-19T09:42:30.498Z","releaseUser":{"email":"manubhardwaj631@gmail.com","imageUrl":"https://lh3.googleusercontent.com/a/ACg8ocI6IZnsGejGURq5UD6AuPFx6Z4n-d4YuTa_Xu4072DR=mo"}}
[debug] [2023-10-19T09:42:32.022Z] [hosting] release: {"name":"projects/933175273590/sites/netflix-clone-50e6d/channels/live/releases/1697708550498000","version":{"name":"projects/933175273590/sites/netflix-clone-50e6d/versions/efb43410b1090a90","status":"FINALIZED","config":{"rewrites":[{"glob":"**","path":"/index.html"}]},"labels":{"deployment-tool":"cli-firebase"},"createTime":"2023-10-19T09:42:20.827580Z","createUser":{"email":"manubhardwaj631@gmail.com","imageUrl":"https://lh3.googleusercontent.com/a/ACg8ocI6IZnsGejGURq5UD6AuPFx6Z4n-d4YuTa_Xu4072DR=mo"},"finalizeTime":"2023-10-19T09:42:29.794192Z","finalizeUser":{"email":"manubhardwaj631@gmail.com","imageUrl":"https://lh3.googleusercontent.com/a/ACg8ocI6IZnsGejGURq5UD6AuPFx6Z4n-d4YuTa_Xu4072DR=mo"}},"type":"DEPLOY","releaseTime":"2023-10-19T09:42:30.498Z","releaseUser":{"email":"manubhardwaj631@gmail.com","imageUrl":"https://lh3.googleusercontent.com/a/ACg8ocI6IZnsGejGURq5UD6AuPFx6Z4n-d4YuTa_Xu4072DR=mo"}}
[info] +  hosting[netflix-clone-50e6d]: release complete 
[info] 
[info] +  Deploy complete! 
[info] 
[info] Project Console: https://console.firebase.google.com/project/netflix-clone-50e6d/overview
[info] Hosting URL: https://netflix-clone-50e6d.web.app
